<?xml version="1.0" encoding="UTF-8"?>
<!-- Generated by org.testng.reporters.JUnitReportReporter -->
<testsuite hostname="DESKTOP-1ILH4UB" failures="0" tests="1" name="testRunner.TestRun" time="40.511" errors="0" timestamp="2020-02-04T21:55:05 IST" skipped="0">
  <testcase classname="testRunner.TestRun" name="feature" time="40.511"/>
</testsuite> <!-- testRunner.TestRun -->
