<?xml version="1.0" encoding="UTF-8"?>
<!-- Generated by org.testng.reporters.JUnitReportReporter -->
<testsuite hostname="DESKTOP-1ILH4UB" failures="0" tests="1" name="testRunner.TestRun" time="35.402" errors="0" timestamp="2020-01-04T23:51:45 IST" skipped="0">
  <testcase classname="testRunner.TestRun" name="feature" time="35.402"/>
</testsuite> <!-- testRunner.TestRun -->
